time="2023-06-27T10:39:43.6955232+07:00" level=error msg="pq: relation \"users\" does not exist" file="C:/Users/Shu - Anh Xuan Pham/GolandProjects/GitHubTrending/GitHubTrending/repository/repo_impl/user_repo_impl.go" line=38
time="2023-06-27T10:42:50.6518815+07:00" level=error msg="pq: relation \"users\" does not exist" file="C:/Users/Shu - Anh Xuan Pham/GolandProjects/GitHubTrending/GitHubTrending/repository/repo_impl/user_repo_impl.go" line=38
time="2023-06-27T10:45:31.8887208+07:00" level=error msg="pq: relation \"users\" does not exist" file="C:/Users/Shu - Anh Xuan Pham/GolandProjects/GitHubTrending/GitHubTrending/repository/repo_impl/user_repo_impl.go" line=38
time="2023-06-27T10:48:58.0795828+07:00" level=error msg="pq: relation \"users\" does not exist" file="C:/Users/Shu - Anh Xuan Pham/GolandProjects/GitHubTrending/GitHubTrending/repository/repo_impl/user_repo_impl.go" line=38
time="2023-06-27T10:49:21.4658716+07:00" level=error msg="Key: 'ReqSignUp.FullName' Error:Field validation for 'FullName' failed on the 'required' tag" file="C:/Users/Shu - Anh Xuan Pham/GolandProjects/GitHubTrending/GitHubTrending/handler/user_handler.go" line=32
time="2023-06-27T10:50:26.1795511+07:00" level=error msg="pq: relation \"users\" does not exist" file="C:/Users/Shu - Anh Xuan Pham/GolandProjects/GitHubTrending/GitHubTrending/repository/repo_impl/user_repo_impl.go" line=38
time="2023-06-27T10:51:51.1284829+07:00" level=error msg="pq: relation \"users\" does not exist" file="C:/Users/Shu - Anh Xuan Pham/GolandProjects/GitHubTrending/GitHubTrending/repository/repo_impl/user_repo_impl.go" line=38
time="2023-06-27T10:54:14.9284264+07:00" level=error msg="pq: relation \"users\" does not exist" file="C:/Users/Shu - Anh Xuan Pham/GolandProjects/GitHubTrending/GitHubTrending/repository/repo_impl/user_repo_impl.go" line=38
time="2023-06-27T10:54:35.6567014+07:00" level=error msg="pq: relation \"users\" does not exist" file="C:/Users/Shu - Anh Xuan Pham/GolandProjects/GitHubTrending/GitHubTrending/repository/repo_impl/user_repo_impl.go" line=38
time="2023-06-27T10:54:52.4893858+07:00" level=error msg="pq: relation \"users\" does not exist" file="C:/Users/Shu - Anh Xuan Pham/GolandProjects/GitHubTrending/GitHubTrending/repository/repo_impl/user_repo_impl.go" line=38
time="2023-06-27T10:54:55.438213+07:00" level=error msg="pq: relation \"users\" does not exist" file="C:/Users/Shu - Anh Xuan Pham/GolandProjects/GitHubTrending/GitHubTrending/repository/repo_impl/user_repo_impl.go" line=38
time="2023-06-27T11:04:51.2856505+07:00" level=error msg="pq: relation \"users\" does not exist" file="C:/Users/Shu - Anh Xuan Pham/GolandProjects/GitHubTrending/GitHubTrending/repository/repo_impl/user_repo_impl.go" line=38
time="2023-06-27T11:04:52.8151309+07:00" level=error msg="pq: relation \"users\" does not exist" file="C:/Users/Shu - Anh Xuan Pham/GolandProjects/GitHubTrending/GitHubTrending/repository/repo_impl/user_repo_impl.go" line=38
time="2023-06-27T11:26:24.4629708+07:00" level=error msg="pq: relation \"users\" does not exist" file="C:/Users/Shu - Anh Xuan Pham/GolandProjects/GitHubTrending/GitHubTrending/repository/repo_impl/user_repo_impl.go" line=38
time="2023-06-27T11:27:36.9488781+07:00" level=error msg="pq: relation \"users\" does not exist" file="C:/Users/Shu - Anh Xuan Pham/GolandProjects/GitHubTrending/GitHubTrending/repository/repo_impl/user_repo_impl.go" line=38
time="2023-06-27T11:28:59.8822531+07:00" level=error msg="pq: relation \"users\" does not exist" file="C:/Users/Shu - Anh Xuan Pham/GolandProjects/GitHubTrending/GitHubTrending/repository/repo_impl/user_repo_impl.go" line=38
time="2023-06-27T11:29:02.3545681+07:00" level=error msg="pq: relation \"users\" does not exist" file="C:/Users/Shu - Anh Xuan Pham/GolandProjects/GitHubTrending/GitHubTrending/repository/repo_impl/user_repo_impl.go" line=38
time="2023-06-27T11:29:03.543418+07:00" level=error msg="pq: relation \"users\" does not exist" file="C:/Users/Shu - Anh Xuan Pham/GolandProjects/GitHubTrending/GitHubTrending/repository/repo_impl/user_repo_impl.go" line=38
time="2023-06-27T11:29:44.137302+07:00" level=error msg="pq: relation \"users\" does not exist" file="C:/Users/Shu - Anh Xuan Pham/GolandProjects/GitHubTrending/GitHubTrending/repository/repo_impl/user_repo_impl.go" line=38
time="2023-06-27T11:34:58.2856021+07:00" level=error msg="pq: relation \"users\" does not exist" file="C:/Users/Shu - Anh Xuan Pham/GolandProjects/GitHubTrending/GitHubTrending/repository/repo_impl/user_repo_impl.go" line=38
time="2023-06-27T11:41:01.6983276+07:00" level=error msg="pq: relation \"users\" does not exist" file="C:/Users/Shu - Anh Xuan Pham/GolandProjects/GitHubTrending/GitHubTrending/repository/repo_impl/user_repo_impl.go" line=38
time="2023-06-27T11:41:03.7626484+07:00" level=error msg="pq: relation \"users\" does not exist" file="C:/Users/Shu - Anh Xuan Pham/GolandProjects/GitHubTrending/GitHubTrending/repository/repo_impl/user_repo_impl.go" line=38
time="2023-06-27T11:42:19.2708004+07:00" level=error msg="pq: relation \"users\" does not exist" file="C:/Users/Shu - Anh Xuan Pham/GolandProjects/GitHubTrending/GitHubTrending/repository/repo_impl/user_repo_impl.go" line=38
time="2023-06-27T12:03:19.8500547+07:00" level=error msg="pq: relation \"users\" does not exist" file="C:/Users/Shu - Anh Xuan Pham/GolandProjects/GitHubTrending/GitHubTrending/repository/repo_impl/user_repo_impl.go" line=38
time="2023-06-27T13:42:01.9421728+07:00" level=error msg="pq: duplicate key value violates unique constraint \"users_email_key\"" file="C:/Users/Shu - Anh Xuan Pham/GolandProjects/GitHubTrending/GitHubTrending/repository/repo_impl/user_repo_impl.go" line=38
time="2023-06-27T16:00:18.6383349+07:00" level=error msg="key is of invalid type" file="C:/Users/Shu - Anh Xuan Pham/GolandProjects/GitHubTrending/GitHubTrending/handler/user_handler.go" line=133
time="2023-06-27T16:00:56.9734079+07:00" level=error msg="key is of invalid type" file="C:/Users/Shu - Anh Xuan Pham/GolandProjects/GitHubTrending/GitHubTrending/handler/user_handler.go" line=133
time="2023-06-27T22:36:58.568252+07:00" level=error msg="code=400, message=Syntax error: offset=40, error=invalid character '\\n' in string literal, internal=invalid character '\\n' in string literal" file=/Users/monissant/GolandProjects/GitHubTrending/handler/user_handler.go line=22
time="2023-06-27T22:36:59.63716+07:00" level=error msg="code=400, message=Syntax error: offset=40, error=invalid character '\\n' in string literal, internal=invalid character '\\n' in string literal" file=/Users/monissant/GolandProjects/GitHubTrending/handler/user_handler.go line=22
time="2023-06-27T22:37:00.313875+07:00" level=error msg="code=400, message=Syntax error: offset=40, error=invalid character '\\n' in string literal, internal=invalid character '\\n' in string literal" file=/Users/monissant/GolandProjects/GitHubTrending/handler/user_handler.go line=22
time="2023-06-27T22:37:01.98226+07:00" level=error msg="code=400, message=Syntax error: offset=40, error=invalid character '\\n' in string literal, internal=invalid character '\\n' in string literal" file=/Users/monissant/GolandProjects/GitHubTrending/handler/user_handler.go line=22
time="2023-06-27T22:49:52.441315+07:00" level=error msg="Mật khẩu tối thiểu 8 kí tự" file=/Users/monissant/GolandProjects/GitHubTrending/handler/user_handler.go line=102
time="2023-06-27T22:49:53.548287+07:00" level=error msg="Mật khẩu tối thiểu 8 kí tự" file=/Users/monissant/GolandProjects/GitHubTrending/handler/user_handler.go line=102
time="2023-06-27T22:49:54.118816+07:00" level=error msg="Mật khẩu tối thiểu 8 kí tự" file=/Users/monissant/GolandProjects/GitHubTrending/handler/user_handler.go line=102
time="2023-06-27T22:49:56.814851+07:00" level=error msg="Mật khẩu tối thiểu 8 kí tự" file=/Users/monissant/GolandProjects/GitHubTrending/handler/user_handler.go line=102
time="2023-06-27T22:49:58.079721+07:00" level=error msg="Mật khẩu tối thiểu 8 kí tự" file=/Users/monissant/GolandProjects/GitHubTrending/handler/user_handler.go line=102
time="2023-06-27T22:49:59.830078+07:00" level=error msg="Mật khẩu tối thiểu 8 kí tự" file=/Users/monissant/GolandProjects/GitHubTrending/handler/user_handler.go line=102
time="2023-06-27T22:53:23.87557+07:00" level=error msg="Password must contain at least 8 characters!" file=/Users/monissant/GolandProjects/GitHubTrending/handler/user_handler.go line=102
time="2023-06-27T22:53:24.772579+07:00" level=error msg="Password must contain at least 8 characters!" file=/Users/monissant/GolandProjects/GitHubTrending/handler/user_handler.go line=102
time="2023-06-27T22:53:25.389201+07:00" level=error msg="Password must contain at least 8 characters!" file=/Users/monissant/GolandProjects/GitHubTrending/handler/user_handler.go line=102
time="2023-06-27T22:53:26.016092+07:00" level=error msg="Password must contain at least 8 characters!" file=/Users/monissant/GolandProjects/GitHubTrending/handler/user_handler.go line=102
time="2023-06-27T22:53:26.436004+07:00" level=error msg="Password must contain at least 8 characters!" file=/Users/monissant/GolandProjects/GitHubTrending/handler/user_handler.go line=102
time="2023-06-27T22:53:27.267095+07:00" level=error msg="Password must contain at least 8 characters!" file=/Users/monissant/GolandProjects/GitHubTrending/handler/user_handler.go line=102
time="2023-06-27T22:53:27.849672+07:00" level=error msg="Password must contain at least 8 characters!" file=/Users/monissant/GolandProjects/GitHubTrending/handler/user_handler.go line=102
