time="2023-06-25T11:11:03.82172+07:00" level=error msg="Có lỗi xảy ra" file=/Users/monissant/GolandProjects/GitHubTrending/main.go line=30
time="2023-06-25T11:17:19.591741+07:00" level=error msg="Có lỗi xảy ra" file=/Users/monissant/GolandProjects/GitHubTrending/main.go line=36
time="2023-06-25T11:20:01.613642+07:00" level=error msg="sql: no rows in result set" file=/Users/monissant/GolandProjects/GitHubTrending/main.go line=34
time="2023-06-25T11:20:48.822709+07:00" level=error msg="sql: no rows in result set" file=/Users/monissant/GolandProjects/GitHubTrending/main.go line=34
time="2023-06-25T11:21:18.974005+07:00" level=error msg="sql: no rows in result set" file=/Users/monissant/GolandProjects/GitHubTrending/main.go line=34
time="2023-06-26T00:14:56.887829+07:00" level=error msg="pq: duplicate key value violates unique constraint \"users_email_key\"" file=/Users/monissant/GolandProjects/GitHubTrending/repository/repo_impl/user_repo_impl.go line=36
time="2023-06-26T00:28:41.772054+07:00" level=error msg="pq: duplicate key value violates unique constraint \"users_email_key\"" file=/Users/monissant/GolandProjects/GitHubTrending/repository/repo_impl/user_repo_impl.go line=36
time="2023-06-26T00:28:43.117755+07:00" level=error msg="pq: duplicate key value violates unique constraint \"users_email_key\"" file=/Users/monissant/GolandProjects/GitHubTrending/repository/repo_impl/user_repo_impl.go line=36
time="2023-06-26T00:28:43.737954+07:00" level=error msg="pq: duplicate key value violates unique constraint \"users_email_key\"" file=/Users/monissant/GolandProjects/GitHubTrending/repository/repo_impl/user_repo_impl.go line=36
time="2023-06-26T00:28:44.230369+07:00" level=error msg="pq: duplicate key value violates unique constraint \"users_email_key\"" file=/Users/monissant/GolandProjects/GitHubTrending/repository/repo_impl/user_repo_impl.go line=36
time="2023-06-26T00:28:44.498041+07:00" level=error msg="pq: duplicate key value violates unique constraint \"users_email_key\"" file=/Users/monissant/GolandProjects/GitHubTrending/repository/repo_impl/user_repo_impl.go line=36
time="2023-06-26T00:28:45.32961+07:00" level=error msg="pq: duplicate key value violates unique constraint \"users_email_key\"" file=/Users/monissant/GolandProjects/GitHubTrending/repository/repo_impl/user_repo_impl.go line=36
time="2023-06-26T00:28:46.403304+07:00" level=error msg="pq: duplicate key value violates unique constraint \"users_email_key\"" file=/Users/monissant/GolandProjects/GitHubTrending/repository/repo_impl/user_repo_impl.go line=36
time="2023-06-26T00:28:47.140857+07:00" level=error msg="pq: duplicate key value violates unique constraint \"users_email_key\"" file=/Users/monissant/GolandProjects/GitHubTrending/repository/repo_impl/user_repo_impl.go line=36
time="2023-06-26T00:29:22.038636+07:00" level=error msg="Key: 'ReqSignUp.FullName' Error:Field validation for 'FullName' failed on the 'required' tag" file=/Users/monissant/GolandProjects/GitHubTrending/handler/user_handler.go line=32
time="2023-06-26T00:44:05.055445+07:00" level=error msg="pq: duplicate key value violates unique constraint \"users_email_key\"" file=/Users/monissant/GolandProjects/GitHubTrending/repository/repo_impl/user_repo_impl.go line=36
time="2023-06-26T00:45:18.773384+07:00" level=error msg="pq: duplicate key value violates unique constraint \"users_email_key\"" file=/Users/monissant/GolandProjects/GitHubTrending/repository/repo_impl/user_repo_impl.go line=36
time="2023-06-26T00:45:19.488291+07:00" level=error msg="pq: duplicate key value violates unique constraint \"users_email_key\"" file=/Users/monissant/GolandProjects/GitHubTrending/repository/repo_impl/user_repo_impl.go line=36
time="2023-06-26T00:45:19.958438+07:00" level=error msg="pq: duplicate key value violates unique constraint \"users_email_key\"" file=/Users/monissant/GolandProjects/GitHubTrending/repository/repo_impl/user_repo_impl.go line=36
time="2023-06-26T00:45:21.558216+07:00" level=error msg="pq: duplicate key value violates unique constraint \"users_email_key\"" file=/Users/monissant/GolandProjects/GitHubTrending/repository/repo_impl/user_repo_impl.go line=36
time="2023-06-26T00:45:22.103286+07:00" level=error msg="pq: duplicate key value violates unique constraint \"users_email_key\"" file=/Users/monissant/GolandProjects/GitHubTrending/repository/repo_impl/user_repo_impl.go line=36
time="2023-06-26T00:46:23.814433+07:00" level=error msg="pq: duplicate key value violates unique constraint \"users_email_key\"" file=/Users/monissant/GolandProjects/GitHubTrending/repository/repo_impl/user_repo_impl.go line=36
time="2023-06-26T00:48:50.438354+07:00" level=error msg="pq: duplicate key value violates unique constraint \"users_email_key\"" file=/Users/monissant/GolandProjects/GitHubTrending/repository/repo_impl/user_repo_impl.go line=36
time="2023-06-26T00:49:00.15963+07:00" level=error msg="pq: duplicate key value violates unique constraint \"users_email_key\"" file=/Users/monissant/GolandProjects/GitHubTrending/repository/repo_impl/user_repo_impl.go line=36
time="2023-06-26T00:49:00.498463+07:00" level=error msg="pq: duplicate key value violates unique constraint \"users_email_key\"" file=/Users/monissant/GolandProjects/GitHubTrending/repository/repo_impl/user_repo_impl.go line=36
time="2023-06-26T00:49:00.864319+07:00" level=error msg="pq: duplicate key value violates unique constraint \"users_email_key\"" file=/Users/monissant/GolandProjects/GitHubTrending/repository/repo_impl/user_repo_impl.go line=36
time="2023-06-26T00:49:01.208557+07:00" level=error msg="pq: duplicate key value violates unique constraint \"users_email_key\"" file=/Users/monissant/GolandProjects/GitHubTrending/repository/repo_impl/user_repo_impl.go line=36
time="2023-06-26T00:49:02.519508+07:00" level=error msg="pq: duplicate key value violates unique constraint \"users_email_key\"" file=/Users/monissant/GolandProjects/GitHubTrending/repository/repo_impl/user_repo_impl.go line=36
time="2023-06-26T00:49:03.082489+07:00" level=error msg="pq: duplicate key value violates unique constraint \"users_email_key\"" file=/Users/monissant/GolandProjects/GitHubTrending/repository/repo_impl/user_repo_impl.go line=36
time="2023-06-26T01:25:43.900644+07:00" level=error msg="pq: duplicate key value violates unique constraint \"users_email_key\"" file=/Users/monissant/GolandProjects/GitHubTrending/repository/repo_impl/user_repo_impl.go line=38
time="2023-06-26T01:26:10.754781+07:00" level=error msg="code=400, message=Syntax error: offset=40, error=invalid character '\\n' in string literal, internal=invalid character '\\n' in string literal" file=/Users/monissant/GolandProjects/GitHubTrending/handler/user_handler.go line=83
time="2023-06-26T01:26:56.963707+07:00" level=error msg="pq: syntax error at or near \"anhxuanpham\"" file=/Users/monissant/GolandProjects/GitHubTrending/repository/repo_impl/user_repo_impl.go line=59
